<?xml version="1.0" encoding="utf-8"?>
<coverage line-rate="0.8240000000000001" branch-rate="0.6338" version="1.9" timestamp="1774046183" lines-covered="309" lines-valid="375" branches-covered="116" branches-valid="183">
  <sources>
    <source>C:\Users\SYTEC\source\repos\Henry-cmd325\FastSharp\</source>
  </sources>
  <packages>
    <package name="FastSharp.Models" line-rate="1" branch-rate="1" complexity="6">
      <classes>
        <class name="FastSharp.Models.PagedResult`1" filename="FastSharp.Models\PagedResult.cs" line-rate="1" branch-rate="1" complexity="6">
          <methods>
            <method name="get_Page" signature="()" line-rate="1" branch-rate="1" complexity="1">
              <lines>
                <line number="5" hits="7" branch="False" />
              </lines>
            </method>
            <method name="get_PageSize" signature="()" line-rate="1" branch-rate="1" complexity="1">
              <lines>
                <line number="6" hits="9" branch="False" />
              </lines>
            </method>
            <method name="get_TotalItems" signature="()" line-rate="1" branch-rate="1" complexity="1">
              <lines>
                <line number="7" hits="9" branch="False" />
              </lines>
            </method>
            <method name="get_Items" signature="()" line-rate="1" branch-rate="1" complexity="1">
              <lines>
                <line number="8" hits="9" branch="False" />
              </lines>
            </method>
            <method name="get_TotalPages" signature="()" line-rate="1" branch-rate="1" complexity="1">
              <lines>
                <line number="9" hits="2" branch="False" />
              </lines>
            </method>
            <method name=".ctor" signature="(System.Collections.Generic.IEnumerable`1&lt;T&gt;,System.Int32,System.Int32,System.Int32)" line-rate="1" branch-rate="1" complexity="1">
              <lines>
                <line number="3" hits="4" branch="False" />
              </lines>
            </method>
          </methods>
          <lines>
            <line number="5" hits="7" branch="False" />
            <line number="6" hits="9" branch="False" />
            <line number="7" hits="9" branch="False" />
            <line number="8" hits="9" branch="False" />
            <line number="9" hits="2" branch="False" />
            <line number="3" hits="4" branch="False" />
          </lines>
        </class>
      </classes>
    </package>
    <package name="FastSharp.Modules" line-rate="0.8210999999999999" branch-rate="0.6338" complexity="213">
      <classes>
        <class name="FastSharp.Modules.DependencyInjection" filename="FastSharp.Modules\DependencyInjection.cs" line-rate="0.9047" branch-rate="0.7272" complexity="22">
          <methods>
            <method name="AddFastSharpEndpoints" signature="(Microsoft.Extensions.DependencyInjection.IServiceCollection,System.Reflection.Assembly[])" line-rate="0.9" branch-rate="0.75" complexity="12">
              <lines>
                <line number="9" hits="11" branch="True" condition-coverage="50% (1/2)">
                  <conditions>
                    <condition number="2" type="jump" coverage="50%" />
                  </conditions>
                </line>
                <line number="12" hits="0" branch="False" />
                <line number="15" hits="44" branch="True" condition-coverage="100% (2/2)">
                  <conditions>
                    <condition number="132" type="jump" coverage="100%" />
                  </conditions>
                </line>
                <line number="17" hits="11" branch="False" />
                <line number="18" hits="352" branch="True" condition-coverage="66.66% (4/6)">
                  <conditions>
                    <condition number="6" type="jump" coverage="50%" />
                    <condition number="14" type="jump" coverage="50%" />
                    <condition number="32" type="jump" coverage="100%" />
                  </conditions>
                </line>
                <line number="19" hits="352" branch="False" />
                <line number="20" hits="352" branch="False" />
                <line number="22" hits="154" branch="True" condition-coverage="100% (2/2)">
                  <conditions>
                    <condition number="108" type="jump" coverage="100%" />
                  </conditions>
                </line>
                <line number="23" hits="66" branch="False" />
                <line number="26" hits="11" branch="False" />
              </lines>
            </method>
            <method name="MapFastSharpEndpoints" signature="(Microsoft.AspNetCore.Routing.IEndpointRouteBuilder,System.Reflection.Assembly[])" line-rate="0.909" branch-rate="0.7" complexity="10">
              <lines>
                <line number="31" hits="10" branch="True" condition-coverage="50% (1/2)">
                  <conditions>
                    <condition number="2" type="jump" coverage="50%" />
                  </conditions>
                </line>
                <line number="33" hits="0" branch="False" />
                <line number="36" hits="40" branch="True" condition-coverage="100% (2/2)">
                  <conditions>
                    <condition number="151" type="jump" coverage="100%" />
                  </conditions>
                </line>
                <line number="39" hits="10" branch="False" />
                <line number="40" hits="320" branch="True" condition-coverage="50% (2/4)">
                  <conditions>
                    <condition number="6" type="jump" coverage="50%" />
                    <condition number="14" type="jump" coverage="50%" />
                  </conditions>
                </line>
                <line number="41" hits="320" branch="False" />
                <line number="42" hits="320" branch="False" />
                <line number="44" hits="120" branch="True" condition-coverage="100% (2/2)">
                  <conditions>
                    <condition number="127" type="jump" coverage="100%" />
                  </conditions>
                </line>
                <line number="46" hits="50" branch="False" />
                <line number="48" hits="50" branch="False" />
                <line number="51" hits="10" branch="False" />
              </lines>
            </method>
          </methods>
          <lines>
            <line number="9" hits="11" branch="True" condition-coverage="50% (1/2)">
              <conditions>
                <condition number="2" type="jump" coverage="50%" />
              </conditions>
            </line>
            <line number="12" hits="0" branch="False" />
            <line number="15" hits="44" branch="True" condition-coverage="100% (2/2)">
              <conditions>
                <condition number="132" type="jump" coverage="100%" />
              </conditions>
            </line>
            <line number="17" hits="11" branch="False" />
            <line number="18" hits="352" branch="True" condition-coverage="66.66% (4/6)">
              <conditions>
                <condition number="6" type="jump" coverage="50%" />
                <condition number="14" type="jump" coverage="50%" />
                <condition number="32" type="jump" coverage="100%" />
              </conditions>
            </line>
            <line number="19" hits="352" branch="False" />
            <line number="20" hits="352" branch="False" />
            <line number="22" hits="154" branch="True" condition-coverage="100% (2/2)">
              <conditions>
                <condition number="108" type="jump" coverage="100%" />
              </conditions>
            </line>
            <line number="23" hits="66" branch="False" />
            <line number="26" hits="11" branch="False" />
            <line number="31" hits="10" branch="True" condition-coverage="50% (1/2)">
              <conditions>
                <condition number="2" type="jump" coverage="50%" />
              </conditions>
            </line>
            <line number="33" hits="0" branch="False" />
            <line number="36" hits="40" branch="True" condition-coverage="100% (2/2)">
              <conditions>
                <condition number="151" type="jump" coverage="100%" />
              </conditions>
            </line>
            <line number="39" hits="10" branch="False" />
            <line number="40" hits="320" branch="True" condition-coverage="50% (2/4)">
              <conditions>
                <condition number="6" type="jump" coverage="50%" />
                <condition number="14" type="jump" coverage="50%" />
              </conditions>
            </line>
            <line number="41" hits="320" branch="False" />
            <line number="42" hits="320" branch="False" />
            <line number="44" hits="120" branch="True" condition-coverage="100% (2/2)">
              <conditions>
                <condition number="127" type="jump" coverage="100%" />
              </conditions>
            </line>
            <line number="46" hits="50" branch="False" />
            <line number="48" hits="50" branch="False" />
            <line number="51" hits="10" branch="False" />
          </lines>
        </class>
        <class name="FastSharp.Modules.Module`1" filename="FastSharp.Modules\Module.cs" line-rate="0.9375" branch-rate="0.8887999999999999" complexity="21">
          <methods>
            <method name="FastSharp.Modules.IFastModule.Map" signature="(Microsoft.AspNetCore.Routing.IEndpointRouteBuilder)" line-rate="1" branch-rate="1" complexity="6">
              <lines>
                <line number="18" hits="50" branch="False" />
                <line number="20" hits="50" branch="True" condition-coverage="100% (2/2)">
                  <conditions>
                    <condition number="20" type="jump" coverage="100%" />
                  </conditions>
                </line>
                <line number="22" hits="200" branch="True" condition-coverage="100% (2/2)">
                  <conditions>
                    <condition number="69" type="jump" coverage="100%" />
                  </conditions>
                </line>
                <line number="24" hits="50" branch="False" />
                <line number="27" hits="50" branch="False" />
                <line number="28" hits="50" branch="False" />
                <line number="30" hits="120" branch="True" condition-coverage="100% (2/2)">
                  <conditions>
                    <condition number="160" type="jump" coverage="100%" />
                  </conditions>
                </line>
                <line number="32" hits="10" branch="False" />
                <line number="33" hits="10" branch="False" />
                <line number="35" hits="50" branch="False" />
              </lines>
            </method>
            <method name="ConfigureModule" signature="(System.String,System.Action`1&lt;Microsoft.AspNetCore.Routing.RouteGroupBuilder&gt;)" line-rate="1" branch-rate="1" complexity="1">
              <lines>
                <line number="46" hits="10" branch="False" />
                <line number="47" hits="10" branch="False" />
                <line number="48" hits="10" branch="False" />
              </lines>
            </method>
            <method name="AddCRUD" signature="(System.String,System.Action`1&lt;FastSharp.Modules.Configuration.ICrudEndpoints`1&lt;TDbContext&gt;&gt;)" line-rate="1" branch-rate="1" complexity="2">
              <lines>
                <line number="61" hits="51" branch="False" />
                <line number="62" hits="51" branch="True" condition-coverage="100% (2/2)">
                  <conditions>
                    <condition number="8" type="jump" coverage="100%" />
                  </conditions>
                </line>
                <line number="63" hits="51" branch="False" />
                <line number="64" hits="51" branch="False" />
              </lines>
            </method>
            <method name="IncludeNamespace" signature="()" line-rate="1" branch-rate="0.8" complexity="10">
              <lines>
                <line number="77" hits="10" branch="False" />
                <line number="81" hits="10" branch="False" />
                <line number="82" hits="10" branch="False" />
                <line number="83" hits="10" branch="False" />
                <line number="84" hits="320" branch="True" condition-coverage="80% (8/10)">
                  <conditions>
                    <condition number="16" type="jump" coverage="100%" />
                    <condition number="24" type="jump" coverage="100%" />
                    <condition number="33" type="jump" coverage="50%" />
                    <condition number="46" type="jump" coverage="50%" />
                    <condition number="59" type="jump" coverage="100%" />
                  </conditions>
                </line>
                <line number="85" hits="320" branch="False" />
                <line number="86" hits="320" branch="False" />
                <line number="87" hits="320" branch="False" />
                <line number="91" hits="10" branch="False" />
                <line number="92" hits="10" branch="False" />
              </lines>
            </method>
            <method name="Include" signature="()" line-rate="0" branch-rate="1" complexity="1">
              <lines>
                <line number="103" hits="0" branch="False" />
                <line number="104" hits="0" branch="False" />
              </lines>
            </method>
            <method name=".ctor" signature="()" line-rate="1" branch-rate="1" complexity="1">
              <lines>
                <line number="9" hits="51" branch="False" />
                <line number="10" hits="51" branch="False" />
                <line number="12" hits="51" branch="False" />
              </lines>
            </method>
          </methods>
          <lines>
            <line number="18" hits="50" branch="False" />
            <line number="20" hits="50" branch="True" condition-coverage="100% (2/2)">
              <conditions>
                <condition number="20" type="jump" coverage="100%" />
              </conditions>
            </line>
            <line number="22" hits="200" branch="True" condition-coverage="100% (2/2)">
              <conditions>
                <condition number="69" type="jump" coverage="100%" />
              </conditions>
            </line>
            <line number="24" hits="50" branch="False" />
            <line number="27" hits="50" branch="False" />
            <line number="28" hits="50" branch="False" />
            <line number="30" hits="120" branch="True" condition-coverage="100% (2/2)">
              <conditions>
                <condition number="160" type="jump" coverage="100%" />
              </conditions>
            </line>
            <line number="32" hits="10" branch="False" />
            <line number="33" hits="10" branch="False" />
            <line number="35" hits="50" branch="False" />
            <line number="46" hits="10" branch="False" />
            <line number="47" hits="10" branch="False" />
            <line number="48" hits="10" branch="False" />
            <line number="61" hits="51" branch="False" />
            <line number="62" hits="51" branch="True" condition-coverage="100% (2/2)">
              <conditions>
                <condition number="8" type="jump" coverage="100%" />
              </conditions>
            </line>
            <line number="63" hits="51" branch="False" />
            <line number="64" hits="51" branch="False" />
            <line number="77" hits="10" branch="False" />
            <line number="81" hits="10" branch="False" />
            <line number="82" hits="10" branch="False" />
            <line number="83" hits="10" branch="False" />
            <line number="84" hits="320" branch="True" condition-coverage="80% (8/10)">
              <conditions>
                <condition number="16" type="jump" coverage="100%" />
                <condition number="24" type="jump" coverage="100%" />
                <condition number="33" type="jump" coverage="50%" />
                <condition number="46" type="jump" coverage="50%" />
                <condition number="59" type="jump" coverage="100%" />
              </conditions>
            </line>
            <line number="85" hits="320" branch="False" />
            <line number="86" hits="320" branch="False" />
            <line number="87" hits="320" branch="False" />
            <line number="91" hits="10" branch="False" />
            <line number="92" hits="10" branch="False" />
            <line number="103" hits="0" branch="False" />
            <line number="104" hits="0" branch="False" />
            <line number="9" hits="51" branch="False" />
            <line number="10" hits="51" branch="False" />
            <line number="12" hits="51" branch="False" />
          </lines>
        </class>
        <class name="FastSharp.Modules.Endpoints.CreateEndpoint`3" filename="FastSharp.Modules\Endpoints\CreateEndpoint.cs" line-rate="0.9229999999999999" branch-rate="0.625" complexity="10">
          <methods>
            <method name="Configure" signature="(FastSharp.Modules.Configuration.EndpointOptions)" line-rate="1" branch-rate="1" complexity="1">
              <lines>
                <line number="18" hits="20" branch="False" />
                <line number="19" hits="20" branch="False" />
              </lines>
            </method>
            <method name="Map" signature="(Microsoft.AspNetCore.Routing.RouteGroupBuilder,FastSharp.Modules.Configuration.EndpointOptions)" line-rate="0.9" branch-rate="0.625" complexity="8">
              <lines>
                <line number="23" hits="30" branch="True" condition-coverage="50% (1/2)">
                  <conditions>
                    <condition number="11" type="jump" coverage="50%" />
                  </conditions>
                </line>
                <line number="25" hits="30" branch="True" condition-coverage="100% (2/2)">
                  <conditions>
                    <condition number="25" type="jump" coverage="100%" />
                  </conditions>
                </line>
                <line number="26" hits="30" branch="False" />
                <line number="27" hits="3" branch="False" />
                <line number="28" hits="3" branch="False" />
                <line number="29" hits="3" branch="False" />
                <line number="30" hits="33" branch="False" />
                <line number="32" hits="30" branch="True" condition-coverage="50% (1/2)">
                  <conditions>
                    <condition number="63" type="jump" coverage="50%" />
                  </conditions>
                </line>
                <line number="33" hits="30" branch="True" condition-coverage="50% (1/2)">
                  <conditions>
                    <condition number="86" type="jump" coverage="50%" />
                  </conditions>
                </line>
                <line number="35" hits="0" branch="False" />
              </lines>
            </method>
            <method name=".ctor" signature="()" line-rate="1" branch-rate="1" complexity="1">
              <lines>
                <line number="14" hits="71" branch="False" />
              </lines>
            </method>
          </methods>
          <lines>
            <line number="18" hits="20" branch="False" />
            <line number="19" hits="20" branch="False" />
            <line number="23" hits="30" branch="True" condition-coverage="50% (1/2)">
              <conditions>
                <condition number="11" type="jump" coverage="50%" />
              </conditions>
            </line>
            <line number="25" hits="30" branch="True" condition-coverage="100% (2/2)">
              <conditions>
                <condition number="25" type="jump" coverage="100%" />
              </conditions>
            </line>
            <line number="26" hits="30" branch="False" />
            <line number="27" hits="3" branch="False" />
            <line number="28" hits="3" branch="False" />
            <line number="29" hits="3" branch="False" />
            <line number="30" hits="33" branch="False" />
            <line number="32" hits="30" branch="True" condition-coverage="50% (1/2)">
              <conditions>
                <condition number="63" type="jump" coverage="50%" />
              </conditions>
            </line>
            <line number="33" hits="30" branch="True" condition-coverage="50% (1/2)">
              <conditions>
                <condition number="86" type="jump" coverage="50%" />
              </conditions>
            </line>
            <line number="35" hits="0" branch="False" />
            <line number="14" hits="71" branch="False" />
          </lines>
        </class>
        <class name="FastSharp.Modules.Endpoints.CreateEndpoint`4" filename="FastSharp.Modules\Endpoints\CreateEndpoint.cs" line-rate="0.909" branch-rate="0.625" complexity="8">
          <methods>
            <method name="Map" signature="(Microsoft.AspNetCore.Routing.RouteGroupBuilder,FastSharp.Modules.Configuration.EndpointOptions)" line-rate="0.909" branch-rate="0.625" complexity="8">
              <lines>
                <line number="46" hits="10" branch="True" condition-coverage="50% (1/2)">
                  <conditions>
                    <condition number="11" type="jump" coverage="50%" />
                  </conditions>
                </line>
                <line number="48" hits="10" branch="True" condition-coverage="100% (2/2)">
                  <conditions>
                    <condition number="25" type="jump" coverage="100%" />
                  </conditions>
                </line>
                <line number="49" hits="10" branch="False" />
                <line number="50" hits="1" branch="False" />
                <line number="51" hits="1" branch="False" />
                <line number="52" hits="1" branch="False" />
                <line number="53" hits="1" branch="False" />
                <line number="54" hits="11" branch="False" />
                <line number="56" hits="10" branch="True" condition-coverage="50% (1/2)">
                  <conditions>
                    <condition number="63" type="jump" coverage="50%" />
                  </conditions>
                </line>
                <line number="57" hits="10" branch="True" condition-coverage="50% (1/2)">
                  <conditions>
                    <condition number="86" type="jump" coverage="50%" />
                  </conditions>
                </line>
                <line number="59" hits="0" branch="False" />
              </lines>
            </method>
          </methods>
          <lines>
            <line number="46" hits="10" branch="True" condition-coverage="50% (1/2)">
              <conditions>
                <condition number="11" type="jump" coverage="50%" />
              </conditions>
            </line>
            <line number="48" hits="10" branch="True" condition-coverage="100% (2/2)">
              <conditions>
                <condition number="25" type="jump" coverage="100%" />
              </conditions>
            </line>
            <line number="49" hits="10" branch="False" />
            <line number="50" hits="1" branch="False" />
            <line number="51" hits="1" branch="False" />
            <line number="52" hits="1" branch="False" />
            <line number="53" hits="1" branch="False" />
            <line number="54" hits="11" branch="False" />
            <line number="56" hits="10" branch="True" condition-coverage="50% (1/2)">
              <conditions>
                <condition number="63" type="jump" coverage="50%" />
              </conditions>
            </line>
            <line number="57" hits="10" branch="True" condition-coverage="50% (1/2)">
              <conditions>
                <condition number="86" type="jump" coverage="50%" />
              </conditions>
            </line>
            <line number="59" hits="0" branch="False" />
          </lines>
        </class>
        <class name="FastSharp.Modules.Endpoints.CreateEndpoint`5" filename="FastSharp.Modules\Endpoints\CreateEndpoint.cs" line-rate="0.9166" branch-rate="0.625" complexity="8">
          <methods>
            <method name="Map" signature="(Microsoft.AspNetCore.Routing.RouteGroupBuilder,FastSharp.Modules.Configuration.EndpointOptions)" line-rate="0.9166" branch-rate="0.625" complexity="8">
              <lines>
                <line number="71" hits="10" branch="True" condition-coverage="50% (1/2)">
                  <conditions>
                    <condition number="11" type="jump" coverage="50%" />
                  </conditions>
                </line>
                <line number="73" hits="10" branch="True" condition-coverage="100% (2/2)">
                  <conditions>
                    <condition number="25" type="jump" coverage="100%" />
                  </conditions>
                </line>
                <line number="74" hits="10" branch="False" />
                <line number="75" hits="1" branch="False" />
                <line number="76" hits="1" branch="False" />
                <line number="77" hits="1" branch="False" />
                <line number="78" hits="1" branch="False" />
                <line number="79" hits="1" branch="False" />
                <line number="80" hits="11" branch="False" />
                <line number="82" hits="10" branch="True" condition-coverage="50% (1/2)">
                  <conditions>
                    <condition number="63" type="jump" coverage="50%" />
                  </conditions>
                </line>
                <line number="83" hits="10" branch="True" condition-coverage="50% (1/2)">
                  <conditions>
                    <condition number="86" type="jump" coverage="50%" />
                  </conditions>
                </line>
                <line number="85" hits="0" branch="False" />
              </lines>
            </method>
          </methods>
          <lines>
            <line number="71" hits="10" branch="True" condition-coverage="50% (1/2)">
              <conditions>
                <condition number="11" type="jump" coverage="50%" />
              </conditions>
            </line>
            <line number="73" hits="10" branch="True" condition-coverage="100% (2/2)">
              <conditions>
                <condition number="25" type="jump" coverage="100%" />
              </conditions>
            </line>
            <line number="74" hits="10" branch="False" />
            <line number="75" hits="1" branch="False" />
            <line number="76" hits="1" branch="False" />
            <line number="77" hits="1" branch="False" />
            <line number="78" hits="1" branch="False" />
            <line number="79" hits="1" branch="False" />
            <line number="80" hits="11" branch="False" />
            <line number="82" hits="10" branch="True" condition-coverage="50% (1/2)">
              <conditions>
                <condition number="63" type="jump" coverage="50%" />
              </conditions>
            </line>
            <line number="83" hits="10" branch="True" condition-coverage="50% (1/2)">
              <conditions>
                <condition number="86" type="jump" coverage="50%" />
              </conditions>
            </line>
            <line number="85" hits="0" branch="False" />
          </lines>
        </class>
        <class name="FastSharp.Modules.Endpoints.CreateEndpoint`3/&lt;&gt;c/&lt;&lt;Map&gt;b__2_0&gt;d" filename="FastSharp.Modules\Endpoints\CreateEndpoint.cs" line-rate="1" branch-rate="0.5" complexity="2">
          <methods />
          <lines />
        </class>
        <class name="FastSharp.Modules.Endpoints.CreateEndpoint`4/&lt;&gt;c/&lt;&lt;Map&gt;b__0_0&gt;d" filename="FastSharp.Modules\Endpoints\CreateEndpoint.cs" line-rate="1" branch-rate="0.5" complexity="2">
          <methods />
          <lines />
        </class>
        <class name="FastSharp.Modules.Endpoints.CreateEndpoint`5/&lt;&gt;c/&lt;&lt;Map&gt;b__0_0&gt;d" filename="FastSharp.Modules\Endpoints\CreateEndpoint.cs" line-rate="1" branch-rate="0.5" complexity="2">
          <methods />
          <lines />
        </class>
        <class name="FastSharp.Modules.Endpoints.DeleteEndpoint`3" filename="FastSharp.Modules\Endpoints\DeleteEndpoint.cs" line-rate="0.6842" branch-rate="0.625" complexity="10">
          <methods>
            <method name="Configure" signature="(FastSharp.Modules.Configuration.EndpointOptions)" line-rate="0" branch-rate="1" complexity="1">
              <lines>
                <line number="17" hits="0" branch="False" />
                <line number="18" hits="0" branch="False" />
              </lines>
            </method>
            <method name="Map" signature="(Microsoft.AspNetCore.Routing.RouteGroupBuilder,FastSharp.Modules.Configuration.EndpointOptions)" line-rate="0.75" branch-rate="0.625" complexity="8">
              <lines>
                <line number="22" hits="50" branch="True" condition-coverage="50% (1/2)">
                  <conditions>
                    <condition number="11" type="jump" coverage="50%" />
                  </conditions>
                </line>
                <line number="24" hits="50" branch="True" condition-coverage="100% (2/2)">
                  <conditions>
                    <condition number="25" type="jump" coverage="100%" />
                  </conditions>
                </line>
                <line number="25" hits="50" branch="False" />
                <line number="26" hits="1" branch="False" />
                <line number="27" hits="1" branch="False" />
                <line number="28" hits="50" branch="False" />
                <line number="29" hits="1" branch="False" />
                <line number="30" hits="50" branch="False" />
                <line number="31" hits="50" branch="False" />
                <line number="32" hits="0" branch="False" />
                <line number="33" hits="0" branch="False" />
                <line number="34" hits="0" branch="False" />
                <line number="35" hits="51" branch="False" />
                <line number="37" hits="50" branch="True" condition-coverage="50% (1/2)">
                  <conditions>
                    <condition number="63" type="jump" coverage="50%" />
                  </conditions>
                </line>
                <line number="38" hits="50" branch="True" condition-coverage="50% (1/2)">
                  <conditions>
                    <condition number="86" type="jump" coverage="50%" />
                  </conditions>
                </line>
                <line number="40" hits="0" branch="False" />
              </lines>
            </method>
            <method name=".ctor" signature="()" line-rate="1" branch-rate="1" complexity="1">
              <lines>
                <line number="13" hits="51" branch="False" />
              </lines>
            </method>
          </methods>
          <lines>
            <line number="17" hits="0" branch="False" />
            <line number="18" hits="0" branch="False" />
            <line number="22" hits="50" branch="True" condition-coverage="50% (1/2)">
              <conditions>
                <condition number="11" type="jump" coverage="50%" />
              </conditions>
            </line>
            <line number="24" hits="50" branch="True" condition-coverage="100% (2/2)">
              <conditions>
                <condition number="25" type="jump" coverage="100%" />
              </conditions>
            </line>
            <line number="25" hits="50" branch="False" />
            <line number="26" hits="1" branch="False" />
            <line number="27" hits="1" branch="False" />
            <line number="28" hits="50" branch="False" />
            <line number="29" hits="1" branch="False" />
            <line number="30" hits="50" branch="False" />
            <line number="31" hits="50" branch="False" />
            <line number="32" hits="0" branch="False" />
            <line number="33" hits="0" branch="False" />
            <line number="34" hits="0" branch="False" />
            <line number="35" hits="51" branch="False" />
            <line number="37" hits="50" branch="True" condition-coverage="50% (1/2)">
              <conditions>
                <condition number="63" type="jump" coverage="50%" />
              </conditions>
            </line>
            <line number="38" hits="50" branch="True" condition-coverage="50% (1/2)">
              <conditions>
                <condition number="86" type="jump" coverage="50%" />
              </conditions>
            </line>
            <line number="40" hits="0" branch="False" />
            <line number="13" hits="51" branch="False" />
          </lines>
        </class>
        <class name="FastSharp.Modules.Endpoints.DeleteEndpoint`3/&lt;&gt;c/&lt;&lt;Map&gt;b__2_0&gt;d" filename="FastSharp.Modules\Endpoints\DeleteEndpoint.cs" line-rate="1" branch-rate="0.5" complexity="2">
          <methods />
          <lines />
        </class>
        <class name="FastSharp.Modules.Endpoints.GetByIdEndpoint`3" filename="FastSharp.Modules\Endpoints\GetByIdEndpoint.cs" line-rate="0.9333" branch-rate="0.625" complexity="10">
          <methods>
            <method name="Configure" signature="(FastSharp.Modules.Configuration.EndpointOptions)" line-rate="1" branch-rate="1" complexity="1">
              <lines>
                <line number="18" hits="20" branch="False" />
                <line number="19" hits="20" branch="False" />
              </lines>
            </method>
            <method name="Map" signature="(Microsoft.AspNetCore.Routing.RouteGroupBuilder,FastSharp.Modules.Configuration.EndpointOptions)" line-rate="0.9166" branch-rate="0.625" complexity="8">
              <lines>
                <line number="23" hits="30" branch="True" condition-coverage="50% (1/2)">
                  <conditions>
                    <condition number="11" type="jump" coverage="50%" />
                  </conditions>
                </line>
                <line number="25" hits="30" branch="True" condition-coverage="100% (2/2)">
                  <conditions>
                    <condition number="25" type="jump" coverage="100%" />
                  </conditions>
                </line>
                <line number="26" hits="30" branch="False" />
                <line number="27" hits="3" branch="False" />
                <line number="28" hits="3" branch="False" />
                <line number="29" hits="1" branch="False" />
                <line number="30" hits="30" branch="False" />
                <line number="31" hits="2" branch="False" />
                <line number="32" hits="33" branch="False" />
                <line number="34" hits="30" branch="True" condition-coverage="50% (1/2)">
                  <conditions>
                    <condition number="63" type="jump" coverage="50%" />
                  </conditions>
                </line>
                <line number="35" hits="30" branch="True" condition-coverage="50% (1/2)">
                  <conditions>
                    <condition number="86" type="jump" coverage="50%" />
                  </conditions>
                </line>
                <line number="37" hits="0" branch="False" />
              </lines>
            </method>
            <method name=".ctor" signature="()" line-rate="1" branch-rate="1" complexity="1">
              <lines>
                <line number="14" hits="71" branch="False" />
              </lines>
            </method>
          </methods>
          <lines>
            <line number="18" hits="20" branch="False" />
            <line number="19" hits="20" branch="False" />
            <line number="23" hits="30" branch="True" condition-coverage="50% (1/2)">
              <conditions>
                <condition number="11" type="jump" coverage="50%" />
              </conditions>
            </line>
            <line number="25" hits="30" branch="True" condition-coverage="100% (2/2)">
              <conditions>
                <condition number="25" type="jump" coverage="100%" />
              </conditions>
            </line>
            <line number="26" hits="30" branch="False" />
            <line number="27" hits="3" branch="False" />
            <line number="28" hits="3" branch="False" />
            <line number="29" hits="1" branch="False" />
            <line number="30" hits="30" branch="False" />
            <line number="31" hits="2" branch="False" />
            <line number="32" hits="33" branch="False" />
            <line number="34" hits="30" branch="True" condition-coverage="50% (1/2)">
              <conditions>
                <condition number="63" type="jump" coverage="50%" />
              </conditions>
            </line>
            <line number="35" hits="30" branch="True" condition-coverage="50% (1/2)">
              <conditions>
                <condition number="86" type="jump" coverage="50%" />
              </conditions>
            </line>
            <line number="37" hits="0" branch="False" />
            <line number="14" hits="71" branch="False" />
          </lines>
        </class>
        <class name="FastSharp.Modules.Endpoints.GetByIdEndpoint`4" filename="FastSharp.Modules\Endpoints\GetByIdEndpoint.cs" line-rate="0.8823000000000001" branch-rate="0.625" complexity="8">
          <methods>
            <method name="Map" signature="(Microsoft.AspNetCore.Routing.RouteGroupBuilder,FastSharp.Modules.Configuration.EndpointOptions)" line-rate="0.8823000000000001" branch-rate="0.625" complexity="8">
              <lines>
                <line number="48" hits="20" branch="True" condition-coverage="50% (1/2)">
                  <conditions>
                    <condition number="11" type="jump" coverage="50%" />
                  </conditions>
                </line>
                <line number="50" hits="20" branch="True" condition-coverage="100% (2/2)">
                  <conditions>
                    <condition number="25" type="jump" coverage="100%" />
                  </conditions>
                </line>
                <line number="51" hits="20" branch="False" />
                <line number="52" hits="2" branch="False" />
                <line number="53" hits="2" branch="False" />
                <line number="54" hits="2" branch="False" />
                <line number="55" hits="2" branch="False" />
                <line number="56" hits="2" branch="False" />
                <line number="57" hits="20" branch="False" />
                <line number="58" hits="2" branch="False" />
                <line number="59" hits="0" branch="False" />
                <line number="60" hits="20" branch="False" />
                <line number="61" hits="2" branch="False" />
                <line number="62" hits="22" branch="False" />
                <line number="64" hits="20" branch="True" condition-coverage="50% (1/2)">
                  <conditions>
                    <condition number="63" type="jump" coverage="50%" />
                  </conditions>
                </line>
                <line number="65" hits="20" branch="True" condition-coverage="50% (1/2)">
                  <conditions>
                    <condition number="86" type="jump" coverage="50%" />
                  </conditions>
                </line>
                <line number="67" hits="0" branch="False" />
              </lines>
            </method>
          </methods>
          <lines>
            <line number="48" hits="20" branch="True" condition-coverage="50% (1/2)">
              <conditions>
                <condition number="11" type="jump" coverage="50%" />
              </conditions>
            </line>
            <line number="50" hits="20" branch="True" condition-coverage="100% (2/2)">
              <conditions>
                <condition number="25" type="jump" coverage="100%" />
              </conditions>
            </line>
            <line number="51" hits="20" branch="False" />
            <line number="52" hits="2" branch="False" />
            <line number="53" hits="2" branch="False" />
            <line number="54" hits="2" branch="False" />
            <line number="55" hits="2" branch="False" />
            <line number="56" hits="2" branch="False" />
            <line number="57" hits="20" branch="False" />
            <line number="58" hits="2" branch="False" />
            <line number="59" hits="0" branch="False" />
            <line number="60" hits="20" branch="False" />
            <line number="61" hits="2" branch="False" />
            <line number="62" hits="22" branch="False" />
            <line number="64" hits="20" branch="True" condition-coverage="50% (1/2)">
              <conditions>
                <condition number="63" type="jump" coverage="50%" />
              </conditions>
            </line>
            <line number="65" hits="20" branch="True" condition-coverage="50% (1/2)">
              <conditions>
                <condition number="86" type="jump" coverage="50%" />
              </conditions>
            </line>
            <line number="67" hits="0" branch="False" />
          </lines>
        </class>
        <class name="FastSharp.Modules.Endpoints.GetByIdEndpoint`3/&lt;&gt;c/&lt;&lt;Map&gt;b__2_0&gt;d" filename="FastSharp.Modules\Endpoints\GetByIdEndpoint.cs" line-rate="1" branch-rate="1" complexity="2">
          <methods />
          <lines />
        </class>
        <class name="FastSharp.Modules.Endpoints.GetByIdEndpoint`4/&lt;&gt;c/&lt;&lt;Map&gt;b__0_0&gt;d" filename="FastSharp.Modules\Endpoints\GetByIdEndpoint.cs" line-rate="1" branch-rate="0.5" complexity="2">
          <methods />
          <lines />
        </class>
        <class name="FastSharp.Modules.Endpoints.GetListEndpoint`3" filename="FastSharp.Modules\Endpoints\GetListEndpoint.cs" line-rate="1" branch-rate="0.75" complexity="10">
          <methods>
            <method name="Configure" signature="(FastSharp.Modules.Configuration.EndpointOptions)" line-rate="1" branch-rate="1" complexity="1">
              <lines>
                <line number="18" hits="30" branch="False" />
                <line number="19" hits="30" branch="False" />
              </lines>
            </method>
            <method name="Map" signature="(Microsoft.AspNetCore.Routing.RouteGroupBuilder,FastSharp.Modules.Configuration.EndpointOptions)" line-rate="1" branch-rate="0.75" complexity="8">
              <lines>
                <line number="23" hits="30" branch="True" condition-coverage="100% (2/2)">
                  <conditions>
                    <condition number="11" type="jump" coverage="100%" />
                  </conditions>
                </line>
                <line number="25" hits="20" branch="True" condition-coverage="100% (2/2)">
                  <conditions>
                    <condition number="25" type="jump" coverage="100%" />
                  </conditions>
                </line>
                <line number="26" hits="20" branch="False" />
                <line number="27" hits="1" branch="False" />
                <line number="28" hits="1" branch="False" />
                <line number="29" hits="21" branch="False" />
                <line number="31" hits="20" branch="True" condition-coverage="50% (1/2)">
                  <conditions>
                    <condition number="63" type="jump" coverage="50%" />
                  </conditions>
                </line>
                <line number="32" hits="20" branch="True" condition-coverage="50% (1/2)">
                  <conditions>
                    <condition number="86" type="jump" coverage="50%" />
                  </conditions>
                </line>
                <line number="34" hits="10" branch="False" />
              </lines>
            </method>
            <method name=".ctor" signature="()" line-rate="1" branch-rate="1" complexity="1">
              <lines>
                <line number="14" hits="71" branch="False" />
              </lines>
            </method>
          </methods>
          <lines>
            <line number="18" hits="30" branch="False" />
            <line number="19" hits="30" branch="False" />
            <line number="23" hits="30" branch="True" condition-coverage="100% (2/2)">
              <conditions>
                <condition number="11" type="jump" coverage="100%" />
              </conditions>
            </line>
            <line number="25" hits="20" branch="True" condition-coverage="100% (2/2)">
              <conditions>
                <condition number="25" type="jump" coverage="100%" />
              </conditions>
            </line>
            <line number="26" hits="20" branch="False" />
            <line number="27" hits="1" branch="False" />
            <line number="28" hits="1" branch="False" />
            <line number="29" hits="21" branch="False" />
            <line number="31" hits="20" branch="True" condition-coverage="50% (1/2)">
              <conditions>
                <condition number="63" type="jump" coverage="50%" />
              </conditions>
            </line>
            <line number="32" hits="20" branch="True" condition-coverage="50% (1/2)">
              <conditions>
                <condition number="86" type="jump" coverage="50%" />
              </conditions>
            </line>
            <line number="34" hits="10" branch="False" />
            <line number="14" hits="71" branch="False" />
          </lines>
        </class>
        <class name="FastSharp.Modules.Endpoints.GetListEndpoint`4" filename="FastSharp.Modules\Endpoints\GetListEndpoint.cs" line-rate="0.9229999999999999" branch-rate="0.625" complexity="8">
          <methods>
            <method name="Map" signature="(Microsoft.AspNetCore.Routing.RouteGroupBuilder,FastSharp.Modules.Configuration.EndpointOptions)" line-rate="0.9229999999999999" branch-rate="0.625" complexity="8">
              <lines>
                <line number="44" hits="20" branch="True" condition-coverage="50% (1/2)">
                  <conditions>
                    <condition number="11" type="jump" coverage="50%" />
                  </conditions>
                </line>
                <line number="46" hits="20" branch="True" condition-coverage="100% (2/2)">
                  <conditions>
                    <condition number="25" type="jump" coverage="100%" />
                  </conditions>
                </line>
                <line number="47" hits="20" branch="False" />
                <line number="48" hits="1" branch="False" />
                <line number="49" hits="1" branch="False" />
                <line number="50" hits="1" branch="False" />
                <line number="51" hits="1" branch="False" />
                <line number="52" hits="20" branch="False" />
                <line number="53" hits="1" branch="False" />
                <line number="54" hits="21" branch="False" />
                <line number="56" hits="20" branch="True" condition-coverage="50% (1/2)">
                  <conditions>
                    <condition number="63" type="jump" coverage="50%" />
                  </conditions>
                </line>
                <line number="57" hits="20" branch="True" condition-coverage="50% (1/2)">
                  <conditions>
                    <condition number="86" type="jump" coverage="50%" />
                  </conditions>
                </line>
                <line number="59" hits="0" branch="False" />
              </lines>
            </method>
          </methods>
          <lines>
            <line number="44" hits="20" branch="True" condition-coverage="50% (1/2)">
              <conditions>
                <condition number="11" type="jump" coverage="50%" />
              </conditions>
            </line>
            <line number="46" hits="20" branch="True" condition-coverage="100% (2/2)">
              <conditions>
                <condition number="25" type="jump" coverage="100%" />
              </conditions>
            </line>
            <line number="47" hits="20" branch="False" />
            <line number="48" hits="1" branch="False" />
            <line number="49" hits="1" branch="False" />
            <line number="50" hits="1" branch="False" />
            <line number="51" hits="1" branch="False" />
            <line number="52" hits="20" branch="False" />
            <line number="53" hits="1" branch="False" />
            <line number="54" hits="21" branch="False" />
            <line number="56" hits="20" branch="True" condition-coverage="50% (1/2)">
              <conditions>
                <condition number="63" type="jump" coverage="50%" />
              </conditions>
            </line>
            <line number="57" hits="20" branch="True" condition-coverage="50% (1/2)">
              <conditions>
                <condition number="86" type="jump" coverage="50%" />
              </conditions>
            </line>
            <line number="59" hits="0" branch="False" />
          </lines>
        </class>
        <class name="FastSharp.Modules.Endpoints.GetPagedEndpoint`3" filename="FastSharp.Modules\Endpoints\GetPagedEndpoint.cs" line-rate="0.9062" branch-rate="0.625" complexity="10">
          <methods>
            <method name="Configure" signature="(FastSharp.Modules.Configuration.EndpointOptions)" line-rate="1" branch-rate="1" complexity="1">
              <lines>
                <line number="18" hits="20" branch="False" />
                <line number="19" hits="20" branch="False" />
              </lines>
            </method>
            <method name="Map" signature="(Microsoft.AspNetCore.Routing.RouteGroupBuilder,FastSharp.Modules.Configuration.EndpointOptions)" line-rate="0.8965000000000001" branch-rate="0.625" complexity="8">
              <lines>
                <line number="23" hits="30" branch="True" condition-coverage="50% (1/2)">
                  <conditions>
                    <condition number="11" type="jump" coverage="50%" />
                  </conditions>
                </line>
                <line number="25" hits="30" branch="True" condition-coverage="100% (2/2)">
                  <conditions>
                    <condition number="25" type="jump" coverage="100%" />
                  </conditions>
                </line>
                <line number="26" hits="30" branch="False" />
                <line number="27" hits="30" branch="False" />
                <line number="28" hits="30" branch="False" />
                <line number="29" hits="30" branch="False" />
                <line number="30" hits="30" branch="False" />
                <line number="31" hits="1" branch="False" />
                <line number="32" hits="30" branch="False" />
                <line number="33" hits="0" branch="False" />
                <line number="34" hits="30" branch="False" />
                <line number="35" hits="30" branch="False" />
                <line number="36" hits="1" branch="False" />
                <line number="37" hits="30" branch="False" />
                <line number="38" hits="0" branch="False" />
                <line number="39" hits="30" branch="False" />
                <line number="40" hits="30" branch="False" />
                <line number="41" hits="1" branch="False" />
                <line number="42" hits="1" branch="False" />
                <line number="43" hits="1" branch="False" />
                <line number="44" hits="1" branch="False" />
                <line number="45" hits="1" branch="False" />
                <line number="46" hits="1" branch="False" />
                <line number="47" hits="1" branch="False" />
                <line number="48" hits="1" branch="False" />
                <line number="49" hits="31" branch="False" />
                <line number="51" hits="30" branch="True" condition-coverage="50% (1/2)">
                  <conditions>
                    <condition number="63" type="jump" coverage="50%" />
                  </conditions>
                </line>
                <line number="52" hits="30" branch="True" condition-coverage="50% (1/2)">
                  <conditions>
                    <condition number="86" type="jump" coverage="50%" />
                  </conditions>
                </line>
                <line number="54" hits="0" branch="False" />
              </lines>
            </method>
            <method name=".ctor" signature="()" line-rate="1" branch-rate="1" complexity="1">
              <lines>
                <line number="14" hits="71" branch="False" />
              </lines>
            </method>
          </methods>
          <lines>
            <line number="18" hits="20" branch="False" />
            <line number="19" hits="20" branch="False" />
            <line number="23" hits="30" branch="True" condition-coverage="50% (1/2)">
              <conditions>
                <condition number="11" type="jump" coverage="50%" />
              </conditions>
            </line>
            <line number="25" hits="30" branch="True" condition-coverage="100% (2/2)">
              <conditions>
                <condition number="25" type="jump" coverage="100%" />
              </conditions>
            </line>
            <line number="26" hits="30" branch="False" />
            <line number="27" hits="30" branch="False" />
            <line number="28" hits="30" branch="False" />
            <line number="29" hits="30" branch="False" />
            <line number="30" hits="30" branch="False" />
            <line number="31" hits="1" branch="False" />
            <line number="32" hits="30" branch="False" />
            <line number="33" hits="0" branch="False" />
            <line number="34" hits="30" branch="False" />
            <line number="35" hits="30" branch="False" />
            <line number="36" hits="1" branch="False" />
            <line number="37" hits="30" branch="False" />
            <line number="38" hits="0" branch="False" />
            <line number="39" hits="30" branch="False" />
            <line number="40" hits="30" branch="False" />
            <line number="41" hits="1" branch="False" />
            <line number="42" hits="1" branch="False" />
            <line number="43" hits="1" branch="False" />
            <line number="44" hits="1" branch="False" />
            <line number="45" hits="1" branch="False" />
            <line number="46" hits="1" branch="False" />
            <line number="47" hits="1" branch="False" />
            <line number="48" hits="1" branch="False" />
            <line number="49" hits="31" branch="False" />
            <line number="51" hits="30" branch="True" condition-coverage="50% (1/2)">
              <conditions>
                <condition number="63" type="jump" coverage="50%" />
              </conditions>
            </line>
            <line number="52" hits="30" branch="True" condition-coverage="50% (1/2)">
              <conditions>
                <condition number="86" type="jump" coverage="50%" />
              </conditions>
            </line>
            <line number="54" hits="0" branch="False" />
            <line number="14" hits="71" branch="False" />
          </lines>
        </class>
        <class name="FastSharp.Modules.Endpoints.GetPagedEndpoint`4" filename="FastSharp.Modules\Endpoints\GetPagedEndpoint.cs" line-rate="0.9031999999999999" branch-rate="0.625" complexity="8">
          <methods>
            <method name="Map" signature="(Microsoft.AspNetCore.Routing.RouteGroupBuilder,FastSharp.Modules.Configuration.EndpointOptions)" line-rate="0.9031999999999999" branch-rate="0.625" complexity="8">
              <lines>
                <line number="65" hits="20" branch="True" condition-coverage="50% (1/2)">
                  <conditions>
                    <condition number="11" type="jump" coverage="50%" />
                  </conditions>
                </line>
                <line number="67" hits="20" branch="True" condition-coverage="100% (2/2)">
                  <conditions>
                    <condition number="25" type="jump" coverage="100%" />
                  </conditions>
                </line>
                <line number="68" hits="20" branch="False" />
                <line number="69" hits="20" branch="False" />
                <line number="70" hits="20" branch="False" />
                <line number="71" hits="20" branch="False" />
                <line number="72" hits="20" branch="False" />
                <line number="73" hits="1" branch="False" />
                <line number="74" hits="20" branch="False" />
                <line number="75" hits="0" branch="False" />
                <line number="76" hits="20" branch="False" />
                <line number="77" hits="20" branch="False" />
                <line number="78" hits="1" branch="False" />
                <line number="79" hits="20" branch="False" />
                <line number="80" hits="0" branch="False" />
                <line number="81" hits="20" branch="False" />
                <line number="82" hits="20" branch="False" />
                <line number="83" hits="1" branch="False" />
                <line number="84" hits="1" branch="False" />
                <line number="85" hits="1" branch="False" />
                <line number="86" hits="1" branch="False" />
                <line number="87" hits="1" branch="False" />
                <line number="88" hits="1" branch="False" />
                <line number="89" hits="1" branch="False" />
                <line number="90" hits="1" branch="False" />
                <line number="91" hits="20" branch="False" />
                <line number="92" hits="1" branch="False" />
                <line number="93" hits="21" branch="False" />
                <line number="95" hits="20" branch="True" condition-coverage="50% (1/2)">
                  <conditions>
                    <condition number="63" type="jump" coverage="50%" />
                  </conditions>
                </line>
                <line number="96" hits="20" branch="True" condition-coverage="50% (1/2)">
                  <conditions>
                    <condition number="86" type="jump" coverage="50%" />
                  </conditions>
                </line>
                <line number="98" hits="0" branch="False" />
              </lines>
            </method>
          </methods>
          <lines>
            <line number="65" hits="20" branch="True" condition-coverage="50% (1/2)">
              <conditions>
                <condition number="11" type="jump" coverage="50%" />
              </conditions>
            </line>
            <line number="67" hits="20" branch="True" condition-coverage="100% (2/2)">
              <conditions>
                <condition number="25" type="jump" coverage="100%" />
              </conditions>
            </line>
            <line number="68" hits="20" branch="False" />
            <line number="69" hits="20" branch="False" />
            <line number="70" hits="20" branch="False" />
            <line number="71" hits="20" branch="False" />
            <line number="72" hits="20" branch="False" />
            <line number="73" hits="1" branch="False" />
            <line number="74" hits="20" branch="False" />
            <line number="75" hits="0" branch="False" />
            <line number="76" hits="20" branch="False" />
            <line number="77" hits="20" branch="False" />
            <line number="78" hits="1" branch="False" />
            <line number="79" hits="20" branch="False" />
            <line number="80" hits="0" branch="False" />
            <line number="81" hits="20" branch="False" />
            <line number="82" hits="20" branch="False" />
            <line number="83" hits="1" branch="False" />
            <line number="84" hits="1" branch="False" />
            <line number="85" hits="1" branch="False" />
            <line number="86" hits="1" branch="False" />
            <line number="87" hits="1" branch="False" />
            <line number="88" hits="1" branch="False" />
            <line number="89" hits="1" branch="False" />
            <line number="90" hits="1" branch="False" />
            <line number="91" hits="20" branch="False" />
            <line number="92" hits="1" branch="False" />
            <line number="93" hits="21" branch="False" />
            <line number="95" hits="20" branch="True" condition-coverage="50% (1/2)">
              <conditions>
                <condition number="63" type="jump" coverage="50%" />
              </conditions>
            </line>
            <line number="96" hits="20" branch="True" condition-coverage="50% (1/2)">
              <conditions>
                <condition number="86" type="jump" coverage="50%" />
              </conditions>
            </line>
            <line number="98" hits="0" branch="False" />
          </lines>
        </class>
        <class name="FastSharp.Modules.Endpoints.GetPagedEndpoint`3/&lt;&gt;c/&lt;&lt;Map&gt;b__2_0&gt;d" filename="FastSharp.Modules\Endpoints\GetPagedEndpoint.cs" line-rate="1" branch-rate="0.5" complexity="6">
          <methods />
          <lines />
        </class>
        <class name="FastSharp.Modules.Endpoints.GetPagedEndpoint`4/&lt;&gt;c/&lt;&lt;Map&gt;b__0_0&gt;d" filename="FastSharp.Modules\Endpoints\GetPagedEndpoint.cs" line-rate="1" branch-rate="0.5" complexity="6">
          <methods />
          <lines />
        </class>
        <class name="FastSharp.Modules.Endpoints.UpdateEndpoint`3" filename="FastSharp.Modules\Endpoints\UpdateEndpoint.cs" line-rate="0.8518000000000001" branch-rate="0.625" complexity="10">
          <methods>
            <method name="Configure" signature="(FastSharp.Modules.Configuration.EndpointOptions)" line-rate="1" branch-rate="1" complexity="1">
              <lines>
                <line number="18" hits="20" branch="False" />
                <line number="19" hits="20" branch="False" />
              </lines>
            </method>
            <method name="Map" signature="(Microsoft.AspNetCore.Routing.RouteGroupBuilder,FastSharp.Modules.Configuration.EndpointOptions)" line-rate="0.8332999999999999" branch-rate="0.625" complexity="8">
              <lines>
                <line number="23" hits="30" branch="True" condition-coverage="50% (1/2)">
                  <conditions>
                    <condition number="11" type="jump" coverage="50%" />
                  </conditions>
                </line>
                <line number="25" hits="30" branch="True" condition-coverage="100% (2/2)">
                  <conditions>
                    <condition number="25" type="jump" coverage="100%" />
                  </conditions>
                </line>
                <line number="26" hits="30" branch="False" />
                <line number="27" hits="30" branch="False" />
                <line number="28" hits="30" branch="False" />
                <line number="29" hits="30" branch="False" />
                <line number="30" hits="30" branch="False" />
                <line number="31" hits="30" branch="False" />
                <line number="32" hits="2" branch="False" />
                <line number="33" hits="30" branch="False" />
                <line number="34" hits="1" branch="False" />
                <line number="35" hits="30" branch="False" />
                <line number="36" hits="30" branch="False" />
                <line number="37" hits="1" branch="False" />
                <line number="38" hits="1" branch="False" />
                <line number="39" hits="1" branch="False" />
                <line number="40" hits="30" branch="False" />
                <line number="41" hits="0" branch="False" />
                <line number="42" hits="0" branch="False" />
                <line number="43" hits="0" branch="False" />
                <line number="44" hits="32" branch="False" />
                <line number="46" hits="30" branch="True" condition-coverage="50% (1/2)">
                  <conditions>
                    <condition number="63" type="jump" coverage="50%" />
                  </conditions>
                </line>
                <line number="47" hits="30" branch="True" condition-coverage="50% (1/2)">
                  <conditions>
                    <condition number="86" type="jump" coverage="50%" />
                  </conditions>
                </line>
                <line number="49" hits="0" branch="False" />
              </lines>
            </method>
            <method name=".ctor" signature="()" line-rate="1" branch-rate="1" complexity="1">
              <lines>
                <line number="14" hits="71" branch="False" />
              </lines>
            </method>
          </methods>
          <lines>
            <line number="18" hits="20" branch="False" />
            <line number="19" hits="20" branch="False" />
            <line number="23" hits="30" branch="True" condition-coverage="50% (1/2)">
              <conditions>
                <condition number="11" type="jump" coverage="50%" />
              </conditions>
            </line>
            <line number="25" hits="30" branch="True" condition-coverage="100% (2/2)">
              <conditions>
                <condition number="25" type="jump" coverage="100%" />
              </conditions>
            </line>
            <line number="26" hits="30" branch="False" />
            <line number="27" hits="30" branch="False" />
            <line number="28" hits="30" branch="False" />
            <line number="29" hits="30" branch="False" />
            <line number="30" hits="30" branch="False" />
            <line number="31" hits="30" branch="False" />
            <line number="32" hits="2" branch="False" />
            <line number="33" hits="30" branch="False" />
            <line number="34" hits="1" branch="False" />
            <line number="35" hits="30" branch="False" />
            <line number="36" hits="30" branch="False" />
            <line number="37" hits="1" branch="False" />
            <line number="38" hits="1" branch="False" />
            <line number="39" hits="1" branch="False" />
            <line number="40" hits="30" branch="False" />
            <line number="41" hits="0" branch="False" />
            <line number="42" hits="0" branch="False" />
            <line number="43" hits="0" branch="False" />
            <line number="44" hits="32" branch="False" />
            <line number="46" hits="30" branch="True" condition-coverage="50% (1/2)">
              <conditions>
                <condition number="63" type="jump" coverage="50%" />
              </conditions>
            </line>
            <line number="47" hits="30" branch="True" condition-coverage="50% (1/2)">
              <conditions>
                <condition number="86" type="jump" coverage="50%" />
              </conditions>
            </line>
            <line number="49" hits="0" branch="False" />
            <line number="14" hits="71" branch="False" />
          </lines>
        </class>
        <class name="FastSharp.Modules.Endpoints.UpdateEndpoint`4" filename="FastSharp.Modules\Endpoints\UpdateEndpoint.cs" line-rate="0.8946999999999999" branch-rate="0.625" complexity="8">
          <methods>
            <method name="Map" signature="(Microsoft.AspNetCore.Routing.RouteGroupBuilder,FastSharp.Modules.Configuration.EndpointOptions)" line-rate="0.8946999999999999" branch-rate="0.625" complexity="8">
              <lines>
                <line number="59" hits="20" branch="True" condition-coverage="50% (1/2)">
                  <conditions>
                    <condition number="11" type="jump" coverage="50%" />
                  </conditions>
                </line>
                <line number="61" hits="20" branch="True" condition-coverage="100% (2/2)">
                  <conditions>
                    <condition number="25" type="jump" coverage="100%" />
                  </conditions>
                </line>
                <line number="62" hits="20" branch="False" />
                <line number="63" hits="20" branch="False" />
                <line number="64" hits="20" branch="False" />
                <line number="65" hits="20" branch="False" />
                <line number="66" hits="20" branch="False" />
                <line number="67" hits="20" branch="False" />
                <line number="68" hits="1" branch="False" />
                <line number="69" hits="1" branch="False" />
                <line number="70" hits="0" branch="False" />
                <line number="71" hits="20" branch="False" />
                <line number="72" hits="1" branch="False" />
                <line number="73" hits="1" branch="False" />
                <line number="74" hits="1" branch="False" />
                <line number="75" hits="21" branch="False" />
                <line number="77" hits="20" branch="True" condition-coverage="50% (1/2)">
                  <conditions>
                    <condition number="63" type="jump" coverage="50%" />
                  </conditions>
                </line>
                <line number="78" hits="20" branch="True" condition-coverage="50% (1/2)">
                  <conditions>
                    <condition number="86" type="jump" coverage="50%" />
                  </conditions>
                </line>
                <line number="80" hits="0" branch="False" />
              </lines>
            </method>
          </methods>
          <lines>
            <line number="59" hits="20" branch="True" condition-coverage="50% (1/2)">
              <conditions>
                <condition number="11" type="jump" coverage="50%" />
              </conditions>
            </line>
            <line number="61" hits="20" branch="True" condition-coverage="100% (2/2)">
              <conditions>
                <condition number="25" type="jump" coverage="100%" />
              </conditions>
            </line>
            <line number="62" hits="20" branch="False" />
            <line number="63" hits="20" branch="False" />
            <line number="64" hits="20" branch="False" />
            <line number="65" hits="20" branch="False" />
            <line number="66" hits="20" branch="False" />
            <line number="67" hits="20" branch="False" />
            <line number="68" hits="1" branch="False" />
            <line number="69" hits="1" branch="False" />
            <line number="70" hits="0" branch="False" />
            <line number="71" hits="20" branch="False" />
            <line number="72" hits="1" branch="False" />
            <line number="73" hits="1" branch="False" />
            <line number="74" hits="1" branch="False" />
            <line number="75" hits="21" branch="False" />
            <line number="77" hits="20" branch="True" condition-coverage="50% (1/2)">
              <conditions>
                <condition number="63" type="jump" coverage="50%" />
              </conditions>
            </line>
            <line number="78" hits="20" branch="True" condition-coverage="50% (1/2)">
              <conditions>
                <condition number="86" type="jump" coverage="50%" />
              </conditions>
            </line>
            <line number="80" hits="0" branch="False" />
          </lines>
        </class>
        <class name="FastSharp.Modules.Endpoints.UpdateEndpoint`3/&lt;&gt;c/&lt;&lt;Map&gt;b__2_0&gt;d" filename="FastSharp.Modules\Endpoints\UpdateEndpoint.cs" line-rate="1" branch-rate="0.75" complexity="4">
          <methods />
          <lines />
        </class>
        <class name="FastSharp.Modules.Endpoints.UpdateEndpoint`4/&lt;&gt;c/&lt;&lt;Map&gt;b__0_0&gt;d" filename="FastSharp.Modules\Endpoints\UpdateEndpoint.cs" line-rate="1" branch-rate="0.5" complexity="2">
          <methods />
          <lines />
        </class>
        <class name="FastSharp.Modules.Configuration.CRUDEndpoints`3" filename="FastSharp.Modules\Configuration\CRUDEndpoints.cs" line-rate="0.5697" branch-rate="0.3529" complexity="29">
          <methods>
            <method name="get_RoutePrefix" signature="()" line-rate="1" branch-rate="1" complexity="1">
              <lines>
                <line number="22" hits="101" branch="False" />
              </lines>
            </method>
            <method name="CreateEndpointOptions" signature="(System.Action`1&lt;Microsoft.AspNetCore.Builder.RouteHandlerBuilder&gt;,System.Boolean)" line-rate="1" branch-rate="1" complexity="1">
              <lines>
                <line number="25" hits="130" branch="False" />
              </lines>
            </method>
            <method name="ConfigureEndpoint" signature="(FastSharp.Modules.Endpoints.IGenericEndpoint,System.Action`1&lt;Microsoft.AspNetCore.Builder.RouteHandlerBuilder&gt;,System.Boolean)" line-rate="1" branch-rate="1" complexity="1">
              <lines>
                <line number="28" hits="110" branch="False" />
              </lines>
            </method>
            <method name="GetEndpoint" signature="(FastSharp.Modules.Configuration.GenericEndpoint)" line-rate="0.4" branch-rate="0.14279999999999998" complexity="7">
              <lines>
                <line number="40" hits="10" branch="True" condition-coverage="14.28% (1/7)">
                  <conditions>
                    <condition number="1" type="switch" coverage="14.28%" />
                  </conditions>
                </line>
                <line number="41" hits="10" branch="False" />
                <line number="42" hits="0" branch="False" />
                <line number="43" hits="10" branch="False" />
                <line number="44" hits="0" branch="False" />
                <line number="45" hits="0" branch="False" />
                <line number="46" hits="0" branch="False" />
                <line number="47" hits="0" branch="False" />
                <line number="48" hits="0" branch="False" />
                <line number="49" hits="10" branch="False" />
              </lines>
            </method>
            <method name="DisableEndpoint" signature="(FastSharp.Modules.Configuration.GenericEndpoint)" line-rate="0.5555" branch-rate="0.3333" complexity="6">
              <lines>
                <line number="53" hits="10" branch="True" condition-coverage="50% (1/2)">
                  <conditions>
                    <condition number="2" type="jump" coverage="50%" />
                  </conditions>
                </line>
                <line number="55" hits="0" branch="True" condition-coverage="0% (0/2)">
                  <conditions>
                    <condition number="40" type="jump" coverage="0%" />
                  </conditions>
                </line>
                <line number="57" hits="0" branch="False" />
                <line number="60" hits="0" branch="False" />
                <line number="63" hits="10" branch="False" />
                <line number="64" hits="10" branch="True" condition-coverage="50% (1/2)">
                  <conditions>
                    <condition number="64" type="jump" coverage="50%" />
                  </conditions>
                </line>
                <line number="65" hits="0" branch="False" />
                <line number="67" hits="10" branch="False" />
                <line number="68" hits="10" branch="False" />
              </lines>
            </method>
            <method name="ConfigureGroup" signature="(System.Action`1&lt;Microsoft.AspNetCore.Routing.RouteGroupBuilder&gt;)" line-rate="0" branch-rate="1" complexity="1">
              <lines>
                <line number="70" hits="0" branch="False" />
              </lines>
            </method>
            <method name="ConfigureAll" signature="(System.Action`1&lt;Microsoft.AspNetCore.Builder.RouteHandlerBuilder&gt;)" line-rate="0.9229999999999999" branch-rate="1" complexity="1">
              <lines>
                <line number="74" hits="0" branch="False" />
                <line number="75" hits="0" branch="False" />
                <line number="79" hits="10" branch="False" />
                <line number="81" hits="10" branch="False" />
                <line number="82" hits="10" branch="False" />
                <line number="84" hits="10" branch="False" />
                <line number="85" hits="10" branch="False" />
                <line number="87" hits="10" branch="False" />
                <line number="88" hits="10" branch="False" />
                <line number="90" hits="10" branch="False" />
                <line number="91" hits="10" branch="False" />
                <line number="93" hits="10" branch="False" />
                <line number="94" hits="10" branch="False" />
                <line number="95" hits="10" branch="False" />
                <line number="99" hits="10" branch="False" />
                <line number="101" hits="10" branch="False" />
                <line number="102" hits="10" branch="False" />
                <line number="104" hits="10" branch="False" />
                <line number="105" hits="10" branch="False" />
                <line number="107" hits="10" branch="False" />
                <line number="108" hits="10" branch="False" />
                <line number="110" hits="10" branch="False" />
                <line number="111" hits="10" branch="False" />
                <line number="113" hits="10" branch="False" />
                <line number="114" hits="10" branch="False" />
                <line number="115" hits="10" branch="False" />
              </lines>
            </method>
            <method name="Get" signature="(System.Action`1&lt;Microsoft.AspNetCore.Builder.RouteHandlerBuilder&gt;)" line-rate="0" branch-rate="1" complexity="1">
              <lines>
                <line number="118" hits="0" branch="False" />
                <line number="122" hits="0" branch="False" />
                <line number="123" hits="0" branch="False" />
                <line number="124" hits="0" branch="False" />
              </lines>
            </method>
            <method name="GetList" signature="(System.Action`1&lt;Microsoft.AspNetCore.Builder.RouteHandlerBuilder&gt;)" line-rate="0" branch-rate="1" complexity="1">
              <lines>
                <line number="127" hits="0" branch="False" />
                <line number="131" hits="0" branch="False" />
                <line number="132" hits="0" branch="False" />
                <line number="133" hits="0" branch="False" />
              </lines>
            </method>
            <method name="GetPaged" signature="(System.Action`1&lt;Microsoft.AspNetCore.Builder.RouteHandlerBuilder&gt;)" line-rate="0" branch-rate="1" complexity="1">
              <lines>
                <line number="136" hits="0" branch="False" />
                <line number="140" hits="0" branch="False" />
                <line number="141" hits="0" branch="False" />
                <line number="142" hits="0" branch="False" />
              </lines>
            </method>
            <method name="Create" signature="(System.Action`1&lt;Microsoft.AspNetCore.Builder.RouteHandlerBuilder&gt;)" line-rate="0" branch-rate="1" complexity="1">
              <lines>
                <line number="145" hits="0" branch="False" />
                <line number="149" hits="0" branch="False" />
                <line number="150" hits="0" branch="False" />
                <line number="151" hits="0" branch="False" />
                <line number="155" hits="0" branch="False" />
                <line number="156" hits="0" branch="False" />
                <line number="157" hits="0" branch="False" />
              </lines>
            </method>
            <method name="Update" signature="(System.Action`1&lt;Microsoft.AspNetCore.Builder.RouteHandlerBuilder&gt;)" line-rate="0" branch-rate="1" complexity="1">
              <lines>
                <line number="160" hits="0" branch="False" />
                <line number="164" hits="0" branch="False" />
                <line number="165" hits="0" branch="False" />
                <line number="166" hits="0" branch="False" />
              </lines>
            </method>
            <method name="Delete" signature="(System.Action`1&lt;Microsoft.AspNetCore.Builder.RouteHandlerBuilder&gt;)" line-rate="0" branch-rate="1" complexity="1">
              <lines>
                <line number="169" hits="0" branch="False" />
              </lines>
            </method>
            <method name="Map" signature="(Microsoft.AspNetCore.Routing.RouteGroupBuilder)" line-rate="1" branch-rate="0.75" complexity="4">
              <lines>
                <line number="173" hits="50" branch="False" />
                <line number="174" hits="50" branch="True" condition-coverage="50% (1/2)">
                  <conditions>
                    <condition number="21" type="jump" coverage="50%" />
                  </conditions>
                </line>
                <line number="176" hits="700" branch="True" condition-coverage="100% (2/2)">
                  <conditions>
                    <condition number="72" type="jump" coverage="100%" />
                  </conditions>
                </line>
                <line number="177" hits="300" branch="False" />
                <line number="178" hits="50" branch="False" />
              </lines>
            </method>
            <method name=".ctor" signature="(System.String)" line-rate="1" branch-rate="1" complexity="1">
              <lines>
                <line number="7" hits="51" branch="False" />
                <line number="13" hits="51" branch="False" />
                <line number="15" hits="51" branch="False" />
                <line number="16" hits="51" branch="False" />
                <line number="17" hits="51" branch="False" />
                <line number="18" hits="51" branch="False" />
                <line number="19" hits="51" branch="False" />
                <line number="20" hits="51" branch="False" />
              </lines>
            </method>
          </methods>
          <lines>
            <line number="22" hits="101" branch="False" />
            <line number="25" hits="130" branch="False" />
            <line number="28" hits="110" branch="False" />
            <line number="40" hits="10" branch="True" condition-coverage="14.28% (1/7)">
              <conditions>
                <condition number="1" type="switch" coverage="14.28%" />
              </conditions>
            </line>
            <line number="41" hits="10" branch="False" />
            <line number="42" hits="0" branch="False" />
            <line number="43" hits="10" branch="False" />
            <line number="44" hits="0" branch="False" />
            <line number="45" hits="0" branch="False" />
            <line number="46" hits="0" branch="False" />
            <line number="47" hits="0" branch="False" />
            <line number="48" hits="0" branch="False" />
            <line number="49" hits="10" branch="False" />
            <line number="53" hits="10" branch="True" condition-coverage="50% (1/2)">
              <conditions>
                <condition number="2" type="jump" coverage="50%" />
              </conditions>
            </line>
            <line number="55" hits="0" branch="True" condition-coverage="0% (0/2)">
              <conditions>
                <condition number="40" type="jump" coverage="0%" />
              </conditions>
            </line>
            <line number="57" hits="0" branch="False" />
            <line number="60" hits="0" branch="False" />
            <line number="63" hits="10" branch="False" />
            <line number="64" hits="10" branch="True" condition-coverage="50% (1/2)">
              <conditions>
                <condition number="64" type="jump" coverage="50%" />
              </conditions>
            </line>
            <line number="65" hits="0" branch="False" />
            <line number="67" hits="10" branch="False" />
            <line number="68" hits="10" branch="False" />
            <line number="70" hits="0" branch="False" />
            <line number="74" hits="0" branch="False" />
            <line number="75" hits="0" branch="False" />
            <line number="79" hits="10" branch="False" />
            <line number="81" hits="10" branch="False" />
            <line number="82" hits="10" branch="False" />
            <line number="84" hits="10" branch="False" />
            <line number="85" hits="10" branch="False" />
            <line number="87" hits="10" branch="False" />
            <line number="88" hits="10" branch="False" />
            <line number="90" hits="10" branch="False" />
            <line number="91" hits="10" branch="False" />
            <line number="93" hits="10" branch="False" />
            <line number="94" hits="10" branch="False" />
            <line number="95" hits="10" branch="False" />
            <line number="99" hits="10" branch="False" />
            <line number="101" hits="10" branch="False" />
            <line number="102" hits="10" branch="False" />
            <line number="104" hits="10" branch="False" />
            <line number="105" hits="10" branch="False" />
            <line number="107" hits="10" branch="False" />
            <line number="108" hits="10" branch="False" />
            <line number="110" hits="10" branch="False" />
            <line number="111" hits="10" branch="False" />
            <line number="113" hits="10" branch="False" />
            <line number="114" hits="10" branch="False" />
            <line number="115" hits="10" branch="False" />
            <line number="118" hits="0" branch="False" />
            <line number="122" hits="0" branch="False" />
            <line number="123" hits="0" branch="False" />
            <line number="124" hits="0" branch="False" />
            <line number="127" hits="0" branch="False" />
            <line number="131" hits="0" branch="False" />
            <line number="132" hits="0" branch="False" />
            <line number="133" hits="0" branch="False" />
            <line number="136" hits="0" branch="False" />
            <line number="140" hits="0" branch="False" />
            <line number="141" hits="0" branch="False" />
            <line number="142" hits="0" branch="False" />
            <line number="145" hits="0" branch="False" />
            <line number="149" hits="0" branch="False" />
            <line number="150" hits="0" branch="False" />
            <line number="151" hits="0" branch="False" />
            <line number="155" hits="0" branch="False" />
            <line number="156" hits="0" branch="False" />
            <line number="157" hits="0" branch="False" />
            <line number="160" hits="0" branch="False" />
            <line number="164" hits="0" branch="False" />
            <line number="165" hits="0" branch="False" />
            <line number="166" hits="0" branch="False" />
            <line number="169" hits="0" branch="False" />
            <line number="173" hits="50" branch="False" />
            <line number="174" hits="50" branch="True" condition-coverage="50% (1/2)">
              <conditions>
                <condition number="21" type="jump" coverage="50%" />
              </conditions>
            </line>
            <line number="176" hits="700" branch="True" condition-coverage="100% (2/2)">
              <conditions>
                <condition number="72" type="jump" coverage="100%" />
              </conditions>
            </line>
            <line number="177" hits="300" branch="False" />
            <line number="178" hits="50" branch="False" />
            <line number="7" hits="51" branch="False" />
            <line number="13" hits="51" branch="False" />
            <line number="15" hits="51" branch="False" />
            <line number="16" hits="51" branch="False" />
            <line number="17" hits="51" branch="False" />
            <line number="18" hits="51" branch="False" />
            <line number="19" hits="51" branch="False" />
            <line number="20" hits="51" branch="False" />
          </lines>
        </class>
        <class name="FastSharp.Modules.Configuration.CRUDEndpoints`3/&lt;GetAllEndpoints&gt;d__15" filename="FastSharp.Modules\Configuration\CRUDEndpoints.cs" line-rate="1" branch-rate="1" complexity="1">
          <methods>
            <method name="MoveNext" signature="()" line-rate="1" branch-rate="1" complexity="1">
              <lines>
                <line number="32" hits="50" branch="False" />
                <line number="33" hits="50" branch="False" />
                <line number="34" hits="50" branch="False" />
                <line number="35" hits="50" branch="False" />
                <line number="36" hits="50" branch="False" />
                <line number="37" hits="50" branch="False" />
                <line number="38" hits="50" branch="False" />
              </lines>
            </method>
          </methods>
          <lines>
            <line number="32" hits="50" branch="False" />
            <line number="33" hits="50" branch="False" />
            <line number="34" hits="50" branch="False" />
            <line number="35" hits="50" branch="False" />
            <line number="36" hits="50" branch="False" />
            <line number="37" hits="50" branch="False" />
            <line number="38" hits="50" branch="False" />
          </lines>
        </class>
        <class name="FastSharp.Modules.Configuration.EndpointOptions" filename="FastSharp.Modules\Configuration\EndpointOptions.cs" line-rate="1" branch-rate="1" complexity="2">
          <methods>
            <method name="get_Active" signature="()" line-rate="1" branch-rate="1" complexity="1">
              <lines>
                <line number="5" hits="1017" branch="False" />
              </lines>
            </method>
            <method name="get_Builder" signature="()" line-rate="1" branch-rate="1" complexity="1">
              <lines>
                <line number="6" hits="710" branch="False" />
              </lines>
            </method>
          </methods>
          <lines>
            <line number="5" hits="1017" branch="False" />
            <line number="6" hits="710" branch="False" />
          </lines>
        </class>
      </classes>
    </package>
  </packages>
</coverage>